[25/1/2019 17:12:13] Added faction: Unknown(0, , 0)
[25/1/2019 17:12:13] Added faction: None(1, , 0)
[25/1/2019 17:12:13] Added faction: Brotherhood Of Steel(2, , 0)
[25/1/2019 17:12:13] Added faction: Enclave(3, , 0)
[25/1/2019 17:12:13] Added faction: The Unity(4, , 0)
[25/1/2019 17:12:13] Added faction: New California Republic(5, , 0)
[25/1/2019 17:12:13] Added faction: Vault City(6, , 0)
[25/1/2019 17:12:13] Added faction: Raiders(7, , 0)
[25/1/2019 17:12:13] Added faction: Mordinos(8, , 0)
[25/1/2019 17:12:13] Added faction: The Slag Bandits(10, , 0)
[25/1/2019 17:12:13] Added faction: Workers from Nuka-Cola(93, , 0)
[25/1/2019 17:12:13] Added faction: Mutants from Mariposa(97, , 0)
[25/1/2019 17:12:13] Added faction: Area 51 Security System(98, , 0)
[25/1/2019 17:12:13] Added faction: Army of Hawthorne(99, , 0)
[25/1/2019 17:12:13] Added faction: The Tanker Vagrants(21, , 0)
[25/1/2019 17:12:13] Added faction: The Redding Guttersnipes(35, , 0)
[24/9/2024 19:50:41] Added faction: Unknown(0, , 0)
[24/9/2024 19:50:41] Added faction: None(1, , 0)
[24/9/2024 19:50:41] Added faction: Brotherhood Of Steel(2, , 0)
[24/9/2024 19:50:41] Added faction: Enclave(3, , 0)
[24/9/2024 19:50:41] Added faction: The Unity(4, , 0)
[24/9/2024 19:50:41] Added faction: New California Republic(5, , 0)
[24/9/2024 19:50:41] Added faction: Vault City(6, , 0)
[24/9/2024 19:50:41] Added faction: Raiders(7, , 0)
[24/9/2024 19:50:41] Added faction: Mordinos(8, , 0)
[24/9/2024 19:50:41] Added faction: The Slag Bandits(10, , 0)
[24/9/2024 19:50:41] Added faction: Workers from Nuka-Cola(93, , 0)
[24/9/2024 19:50:41] Added faction: Mutants from Mariposa(97, , 0)
[24/9/2024 19:50:41] Added faction: Area 51 Security System(98, , 0)
[24/9/2024 19:50:41] Added faction: Army of Hawthorne(99, , 0)
[24/9/2024 19:50:41] Added faction: The Tanker Vagrants(21, , 0)
[24/9/2024 19:50:41] Added faction: The Redding Guttersnipes(35, , 0)
[24/9/2024 19:51:00] Membership not in sync: 0 vs 1, for: 1
[24/9/2024 19:51:00] Membership not in sync: 0 vs 1, for: 1
[24/9/2024 19:51:00] Membership not in sync: 0 vs 1, for: 1
[24/9/2024 19:51:00] Membership not in sync: 0 vs 1, for: 1
[24/9/2024 19:51:00] Membership not in sync: 0 vs 1, for: 1
[24/9/2024 19:51:00] Membership not in sync: 0 vs 1, for: 1
[24/9/2024 19:51:00] Membership not in sync: 0 vs 1, for: 1
[24/9/2024 19:51:00] Membership not in sync: 0 vs 1, for: 1
[24/9/2024 19:51:00] Membership not in sync: 0 vs 1, for: 1
[24/9/2024 19:51:00] Membership not in sync: 0 vs 1, for: 1
[24/9/2024 19:51:00] Membership not in sync: 0 vs 1, for: 1
[24/9/2024 19:51:00] Membership not in sync: 0 vs 1, for: 1
[24/9/2024 19:51:00] Membership not in sync: 0 vs 1, for: 1
[24/9/2024 19:51:00] Membership not in sync: 0 vs 1, for: 1
[24/9/2024 21:10:48] Added faction: Unknown(0, , 0)
[24/9/2024 21:10:48] Added faction: None(1, , 0)
[24/9/2024 21:10:48] Added faction: Brotherhood Of Steel(2, , 0)
[24/9/2024 21:10:48] Added faction: Enclave(3, , 0)
[24/9/2024 21:10:48] Added faction: The Unity(4, , 0)
[24/9/2024 21:10:48] Added faction: New California Republic(5, , 0)
[24/9/2024 21:10:48] Added faction: Vault City(6, , 0)
[24/9/2024 21:10:48] Added faction: Raiders(7, , 0)
[24/9/2024 21:10:48] Added faction: The Mordinos(8, , 0)
[24/9/2024 21:10:48] Added faction: The Slag Bandits(10, , 0)
[24/9/2024 21:10:48] Added faction: Workers from Nuka-Cola(93, , 0)
[24/9/2024 21:10:48] Added faction: Mutants from Mariposa(97, , 0)
[24/9/2024 21:10:48] Added faction: Area 51 Security System(98, , 0)
[24/9/2024 21:10:48] Added faction: Army of Hawthorne(99, , 0)
[24/9/2024 21:10:48] Added faction: The Tanker Vagrants(21, , 0)
[24/9/2024 21:10:48] Added faction: The Redding Guttersnipes(35, , 0)
[25/9/2024 15:59:46] Added faction: Unknown(0, , 0)
[25/9/2024 15:59:46] Added faction: None(1, , 0)
[25/9/2024 15:59:46] Added faction: Brotherhood Of Steel(2, , 0)
[25/9/2024 15:59:46] Added faction: Enclave(3, , 0)
[25/9/2024 15:59:46] Added faction: The Unity(4, , 0)
[25/9/2024 15:59:46] Added faction: New California Republic(5, , 0)
[25/9/2024 15:59:46] Added faction: Vault City(6, , 0)
[25/9/2024 15:59:46] Added faction: Raiders(7, , 0)
[25/9/2024 15:59:46] Added faction: The Mordinos(8, , 0)
[25/9/2024 15:59:46] Added faction: The Slag Bandits(10, , 0)
[25/9/2024 15:59:46] Added faction: Workers from Nuka-Cola(93, , 0)
[25/9/2024 15:59:46] Added faction: Mutants from Mariposa(97, , 0)
[25/9/2024 15:59:46] Added faction: Area 51 Security System(98, , 0)
[25/9/2024 15:59:46] Added faction: Army of Hawthorne(99, , 0)
[25/9/2024 15:59:46] Added faction: The Tanker Vagrants(21, , 0)
[25/9/2024 15:59:46] Added faction: The Redding Guttersnipes(35, , 0)
[25/9/2024 16:02:13] Added faction: Unknown(0, , 0)
[25/9/2024 16:02:13] Added faction: None(1, , 0)
[25/9/2024 16:02:13] Added faction: Brotherhood Of Steel(2, , 0)
[25/9/2024 16:02:13] Added faction: Enclave(3, , 0)
[25/9/2024 16:02:13] Added faction: The Unity(4, , 0)
[25/9/2024 16:02:13] Added faction: New California Republic(5, , 0)
[25/9/2024 16:02:13] Added faction: Vault City(6, , 0)
[25/9/2024 16:02:13] Added faction: Raiders(7, , 0)
[25/9/2024 16:02:13] Added faction: The Mordinos(8, , 0)
[25/9/2024 16:02:13] Added faction: The Slag Bandits(10, , 0)
[25/9/2024 16:02:13] Added faction: Workers from Nuka-Cola(93, , 0)
[25/9/2024 16:02:13] Added faction: Mutants from Mariposa(97, , 0)
[25/9/2024 16:02:13] Added faction: Area 51 Security System(98, , 0)
[25/9/2024 16:02:13] Added faction: Army of Hawthorne(99, , 0)
[25/9/2024 16:02:13] Added faction: The Tanker Vagrants(21, , 0)
[25/9/2024 16:02:13] Added faction: The Redding Guttersnipes(35, , 0)
[25/9/2024 16:03:54] Added faction: Unknown(0, , 0)
[25/9/2024 16:03:54] Added faction: None(1, , 0)
[25/9/2024 16:03:54] Added faction: Brotherhood Of Steel(2, , 0)
[25/9/2024 16:03:54] Added faction: Enclave(3, , 0)
[25/9/2024 16:03:54] Added faction: The Unity(4, , 0)
[25/9/2024 16:03:54] Added faction: New California Republic(5, , 0)
[25/9/2024 16:03:54] Added faction: Vault City(6, , 0)
[25/9/2024 16:03:54] Added faction: Raiders(7, , 0)
[25/9/2024 16:03:54] Added faction: The Mordinos(8, , 0)
[25/9/2024 16:03:54] Added faction: The Slag Bandits(10, , 0)
[25/9/2024 16:03:54] Added faction: Workers from Nuka-Cola(93, , 0)
[25/9/2024 16:03:54] Added faction: Mutants from Mariposa(97, , 0)
[25/9/2024 16:03:54] Added faction: Area 51 Security System(98, , 0)
[25/9/2024 16:03:54] Added faction: Army of Hawthorne(99, , 0)
[25/9/2024 16:03:54] Added faction: The Tanker Vagrants(21, , 0)
[25/9/2024 16:03:54] Added faction: The Redding Guttersnipes(35, , 0)
[25/9/2024 16:04:51] Added faction: Unknown(0, , 0)
[25/9/2024 16:04:51] Added faction: None(1, , 0)
[25/9/2024 16:04:51] Added faction: Brotherhood Of Steel(2, , 0)
[25/9/2024 16:04:51] Added faction: Enclave(3, , 0)
[25/9/2024 16:04:51] Added faction: The Unity(4, , 0)
[25/9/2024 16:04:51] Added faction: New California Republic(5, , 0)
[25/9/2024 16:04:51] Added faction: Vault City(6, , 0)
[25/9/2024 16:04:51] Added faction: Raiders(7, , 0)
[25/9/2024 16:04:51] Added faction: The Mordinos(8, , 0)
[25/9/2024 16:04:51] Added faction: The Slag Bandits(10, , 0)
[25/9/2024 16:04:51] Added faction: Workers from Nuka-Cola(93, , 0)
[25/9/2024 16:04:51] Added faction: Mutants from Mariposa(97, , 0)
[25/9/2024 16:04:51] Added faction: Area 51 Security System(98, , 0)
[25/9/2024 16:04:51] Added faction: Army of Hawthorne(99, , 0)
[25/9/2024 16:04:51] Added faction: The Tanker Vagrants(21, , 0)
[25/9/2024 16:04:51] Added faction: The Redding Guttersnipes(35, , 0)
[25/9/2024 18:00:07] Added faction: Unknown(0, , 0)
[25/9/2024 18:00:07] Added faction: None(1, , 0)
[25/9/2024 18:00:07] Added faction: Brotherhood Of Steel(2, , 0)
[25/9/2024 18:00:07] Added faction: Enclave(3, , 0)
[25/9/2024 18:00:07] Added faction: The Unity(4, , 0)
[25/9/2024 18:00:07] Added faction: New California Republic(5, , 0)
[25/9/2024 18:00:07] Added faction: Vault City(6, , 0)
[25/9/2024 18:00:07] Added faction: Raiders(7, , 0)
[25/9/2024 18:00:07] Added faction: The Mordinos(8, , 0)
[25/9/2024 18:00:07] Added faction: The Slag Bandits(10, , 0)
[25/9/2024 18:00:07] Added faction: Workers from Nuka-Cola(93, , 0)
[25/9/2024 18:00:07] Added faction: Mutants from Mariposa(97, , 0)
[25/9/2024 18:00:07] Added faction: Area 51 Security System(98, , 0)
[25/9/2024 18:00:07] Added faction: Army of Hawthorne(99, , 0)
[25/9/2024 18:00:07] Added faction: The Tanker Vagrants(21, , 0)
[25/9/2024 18:00:07] Added faction: The Redding Guttersnipes(35, , 0)
[25/9/2024 18:01:08] Added faction: Unknown(0, , 0)
[25/9/2024 18:01:08] Added faction: None(1, , 0)
[25/9/2024 18:01:08] Added faction: Brotherhood Of Steel(2, , 0)
[25/9/2024 18:01:08] Added faction: Enclave(3, , 0)
[25/9/2024 18:01:08] Added faction: The Unity(4, , 0)
[25/9/2024 18:01:08] Added faction: New California Republic(5, , 0)
[25/9/2024 18:01:08] Added faction: Vault City(6, , 0)
[25/9/2024 18:01:08] Added faction: Raiders(7, , 0)
[25/9/2024 18:01:08] Added faction: The Mordinos(8, , 0)
[25/9/2024 18:01:08] Added faction: The Slag Bandits(10, , 0)
[25/9/2024 18:01:08] Added faction: Workers from Nuka-Cola(93, , 0)
[25/9/2024 18:01:08] Added faction: Mutants from Mariposa(97, , 0)
[25/9/2024 18:01:08] Added faction: Area 51 Security System(98, , 0)
[25/9/2024 18:01:08] Added faction: Army of Hawthorne(99, , 0)
[25/9/2024 18:01:08] Added faction: The Tanker Vagrants(21, , 0)
[25/9/2024 18:01:08] Added faction: The Redding Guttersnipes(35, , 0)
[25/9/2024 18:02:04] Added faction: Unknown(0, , 0)
[25/9/2024 18:02:04] Added faction: None(1, , 0)
[25/9/2024 18:02:04] Added faction: Brotherhood Of Steel(2, , 0)
[25/9/2024 18:02:04] Added faction: Enclave(3, , 0)
[25/9/2024 18:02:04] Added faction: The Unity(4, , 0)
[25/9/2024 18:02:04] Added faction: New California Republic(5, , 0)
[25/9/2024 18:02:04] Added faction: Vault City(6, , 0)
[25/9/2024 18:02:04] Added faction: Raiders(7, , 0)
[25/9/2024 18:02:04] Added faction: The Mordinos(8, , 0)
[25/9/2024 18:02:04] Added faction: The Slag Bandits(10, , 0)
[25/9/2024 18:02:04] Added faction: Workers from Nuka-Cola(93, , 0)
[25/9/2024 18:02:04] Added faction: Mutants from Mariposa(97, , 0)
[25/9/2024 18:02:04] Added faction: Area 51 Security System(98, , 0)
[25/9/2024 18:02:04] Added faction: Army of Hawthorne(99, , 0)
[25/9/2024 18:02:04] Added faction: The Tanker Vagrants(21, , 0)
[25/9/2024 18:02:04] Added faction: The Redding Guttersnipes(35, , 0)
[25/9/2024 18:02:52] Added faction: Unknown(0, , 0)
[25/9/2024 18:02:52] Added faction: None(1, , 0)
[25/9/2024 18:02:52] Added faction: Brotherhood Of Steel(2, , 0)
[25/9/2024 18:02:52] Added faction: Enclave(3, , 0)
[25/9/2024 18:02:52] Added faction: The Unity(4, , 0)
[25/9/2024 18:02:52] Added faction: New California Republic(5, , 0)
[25/9/2024 18:02:52] Added faction: Vault City(6, , 0)
[25/9/2024 18:02:52] Added faction: Raiders(7, , 0)
[25/9/2024 18:02:52] Added faction: The Mordinos(8, , 0)
[25/9/2024 18:02:52] Added faction: The Slag Bandits(10, , 0)
[25/9/2024 18:02:52] Added faction: Workers from Nuka-Cola(93, , 0)
[25/9/2024 18:02:52] Added faction: Mutants from Mariposa(97, , 0)
[25/9/2024 18:02:52] Added faction: Area 51 Security System(98, , 0)
[25/9/2024 18:02:52] Added faction: Army of Hawthorne(99, , 0)
[25/9/2024 18:02:52] Added faction: The Tanker Vagrants(21, , 0)
[25/9/2024 18:02:52] Added faction: The Redding Guttersnipes(35, , 0)
[25/9/2024 18:04:29] Added faction: Unknown(0, , 0)
[25/9/2024 18:04:29] Added faction: None(1, , 0)
[25/9/2024 18:04:29] Added faction: Brotherhood Of Steel(2, , 0)
[25/9/2024 18:04:29] Added faction: Enclave(3, , 0)
[25/9/2024 18:04:29] Added faction: The Unity(4, , 0)
[25/9/2024 18:04:29] Added faction: New California Republic(5, , 0)
[25/9/2024 18:04:29] Added faction: Vault City(6, , 0)
[25/9/2024 18:04:29] Added faction: Raiders(7, , 0)
[25/9/2024 18:04:29] Added faction: The Mordinos(8, , 0)
[25/9/2024 18:04:29] Added faction: The Slag Bandits(10, , 0)
[25/9/2024 18:04:29] Added faction: Workers from Nuka-Cola(93, , 0)
[25/9/2024 18:04:29] Added faction: Mutants from Mariposa(97, , 0)
[25/9/2024 18:04:29] Added faction: Area 51 Security System(98, , 0)
[25/9/2024 18:04:29] Added faction: Army of Hawthorne(99, , 0)
[25/9/2024 18:04:29] Added faction: The Tanker Vagrants(21, , 0)
[25/9/2024 18:04:29] Added faction: The Redding Guttersnipes(35, , 0)
[25/9/2024 18:05:40] Added faction: Unknown(0, , 0)
[25/9/2024 18:05:40] Added faction: None(1, , 0)
[25/9/2024 18:05:40] Added faction: Brotherhood Of Steel(2, , 0)
[25/9/2024 18:05:40] Added faction: Enclave(3, , 0)
[25/9/2024 18:05:40] Added faction: The Unity(4, , 0)
[25/9/2024 18:05:40] Added faction: New California Republic(5, , 0)
[25/9/2024 18:05:40] Added faction: Vault City(6, , 0)
[25/9/2024 18:05:40] Added faction: Raiders(7, , 0)
[25/9/2024 18:05:40] Added faction: The Mordinos(8, , 0)
[25/9/2024 18:05:40] Added faction: The Slag Bandits(10, , 0)
[25/9/2024 18:05:40] Added faction: Workers from Nuka-Cola(93, , 0)
[25/9/2024 18:05:40] Added faction: Mutants from Mariposa(97, , 0)
[25/9/2024 18:05:40] Added faction: Area 51 Security System(98, , 0)
[25/9/2024 18:05:40] Added faction: Army of Hawthorne(99, , 0)
[25/9/2024 18:05:40] Added faction: The Tanker Vagrants(21, , 0)
[25/9/2024 18:05:40] Added faction: The Redding Guttersnipes(35, , 0)
[25/9/2024 18:06:38] Added faction: Unknown(0, , 0)
[25/9/2024 18:06:38] Added faction: None(1, , 0)
[25/9/2024 18:06:38] Added faction: Brotherhood Of Steel(2, , 0)
[25/9/2024 18:06:38] Added faction: Enclave(3, , 0)
[25/9/2024 18:06:38] Added faction: The Unity(4, , 0)
[25/9/2024 18:06:38] Added faction: New California Republic(5, , 0)
[25/9/2024 18:06:38] Added faction: Vault City(6, , 0)
[25/9/2024 18:06:38] Added faction: Raiders(7, , 0)
[25/9/2024 18:06:38] Added faction: The Mordinos(8, , 0)
[25/9/2024 18:06:38] Added faction: The Slag Bandits(10, , 0)
[25/9/2024 18:06:38] Added faction: Workers from Nuka-Cola(93, , 0)
[25/9/2024 18:06:38] Added faction: Mutants from Mariposa(97, , 0)
[25/9/2024 18:06:38] Added faction: Area 51 Security System(98, , 0)
[25/9/2024 18:06:38] Added faction: Army of Hawthorne(99, , 0)
[25/9/2024 18:06:38] Added faction: The Tanker Vagrants(21, , 0)
[25/9/2024 18:06:38] Added faction: The Redding Guttersnipes(35, , 0)
[25/9/2024 18:07:50] Added faction: Unknown(0, , 0)
[25/9/2024 18:07:50] Added faction: None(1, , 0)
[25/9/2024 18:07:50] Added faction: Brotherhood Of Steel(2, , 0)
[25/9/2024 18:07:50] Added faction: Enclave(3, , 0)
[25/9/2024 18:07:50] Added faction: The Unity(4, , 0)
[25/9/2024 18:07:50] Added faction: New California Republic(5, , 0)
[25/9/2024 18:07:50] Added faction: Vault City(6, , 0)
[25/9/2024 18:07:50] Added faction: Raiders(7, , 0)
[25/9/2024 18:07:50] Added faction: The Mordinos(8, , 0)
[25/9/2024 18:07:50] Added faction: The Slag Bandits(10, , 0)
[25/9/2024 18:07:50] Added faction: Workers from Nuka-Cola(93, , 0)
[25/9/2024 18:07:50] Added faction: Mutants from Mariposa(97, , 0)
[25/9/2024 18:07:50] Added faction: Area 51 Security System(98, , 0)
[25/9/2024 18:07:50] Added faction: Army of Hawthorne(99, , 0)
[25/9/2024 18:07:50] Added faction: The Tanker Vagrants(21, , 0)
[25/9/2024 18:07:50] Added faction: The Redding Guttersnipes(35, , 0)
[25/9/2024 18:08:47] Added faction: Unknown(0, , 0)
[25/9/2024 18:08:47] Added faction: None(1, , 0)
[25/9/2024 18:08:47] Added faction: Brotherhood Of Steel(2, , 0)
[25/9/2024 18:08:47] Added faction: Enclave(3, , 0)
[25/9/2024 18:08:47] Added faction: The Unity(4, , 0)
[25/9/2024 18:08:47] Added faction: New California Republic(5, , 0)
[25/9/2024 18:08:47] Added faction: Vault City(6, , 0)
[25/9/2024 18:08:47] Added faction: Raiders(7, , 0)
[25/9/2024 18:08:47] Added faction: The Mordinos(8, , 0)
[25/9/2024 18:08:47] Added faction: The Slag Bandits(10, , 0)
[25/9/2024 18:08:47] Added faction: Workers from Nuka-Cola(93, , 0)
[25/9/2024 18:08:47] Added faction: Mutants from Mariposa(97, , 0)
[25/9/2024 18:08:47] Added faction: Area 51 Security System(98, , 0)
[25/9/2024 18:08:47] Added faction: Army of Hawthorne(99, , 0)
[25/9/2024 18:08:47] Added faction: The Tanker Vagrants(21, , 0)
[25/9/2024 18:08:47] Added faction: The Redding Guttersnipes(35, , 0)
[25/9/2024 18:09:23] Added faction: Unknown(0, , 0)
[25/9/2024 18:09:23] Added faction: None(1, , 0)
[25/9/2024 18:09:23] Added faction: Brotherhood Of Steel(2, , 0)
[25/9/2024 18:09:23] Added faction: Enclave(3, , 0)
[25/9/2024 18:09:23] Added faction: The Unity(4, , 0)
[25/9/2024 18:09:23] Added faction: New California Republic(5, , 0)
[25/9/2024 18:09:23] Added faction: Vault City(6, , 0)
[25/9/2024 18:09:23] Added faction: Raiders(7, , 0)
[25/9/2024 18:09:23] Added faction: The Mordinos(8, , 0)
[25/9/2024 18:09:23] Added faction: The Slag Bandits(10, , 0)
[25/9/2024 18:09:23] Added faction: Workers from Nuka-Cola(93, , 0)
[25/9/2024 18:09:23] Added faction: Mutants from Mariposa(97, , 0)
[25/9/2024 18:09:23] Added faction: Area 51 Security System(98, , 0)
[25/9/2024 18:09:23] Added faction: Army of Hawthorne(99, , 0)
[25/9/2024 18:09:23] Added faction: The Tanker Vagrants(21, , 0)
[25/9/2024 18:09:23] Added faction: The Redding Guttersnipes(35, , 0)
[25/9/2024 18:09:55] Membership not in sync: 0 vs 1, for: 2
[25/9/2024 18:09:55] Membership not in sync: 0 vs 1, for: 2
[25/9/2024 18:09:55] Membership not in sync: 0 vs 1, for: 2
[25/9/2024 18:09:55] Membership not in sync: 0 vs 1, for: 2
[25/9/2024 18:09:55] Membership not in sync: 0 vs 1, for: 2
[25/9/2024 18:09:55] Membership not in sync: 0 vs 1, for: 2
[25/9/2024 18:09:55] Membership not in sync: 0 vs 1, for: 2
[25/9/2024 18:09:55] Membership not in sync: 0 vs 1, for: 2
[25/9/2024 18:09:55] Membership not in sync: 0 vs 1, for: 2
[25/9/2024 18:09:55] Membership not in sync: 0 vs 1, for: 2
[25/9/2024 18:09:55] Membership not in sync: 0 vs 1, for: 2
[25/9/2024 18:09:55] Membership not in sync: 0 vs 1, for: 2
[25/9/2024 18:09:55] Membership not in sync: 0 vs 1, for: 2
[25/9/2024 18:09:55] Membership not in sync: 0 vs 1, for: 2
[26/9/2024 00:06:21] Added faction: Unknown(0, , 0)
[26/9/2024 00:06:21] Added faction: None(1, , 0)
[26/9/2024 00:06:21] Added faction: Brotherhood Of Steel(2, , 0)
[26/9/2024 00:06:21] Added faction: Enclave(3, , 0)
[26/9/2024 00:06:21] Added faction: The Unity(4, , 0)
[26/9/2024 00:06:21] Added faction: New California Republic(5, , 0)
[26/9/2024 00:06:21] Added faction: Vault City(6, , 0)
[26/9/2024 00:06:21] Added faction: Raiders(7, , 0)
[26/9/2024 00:06:21] Added faction: The Mordinos(8, , 0)
[26/9/2024 00:06:21] Added faction: The Slag Bandits(10, , 0)
[26/9/2024 00:06:21] Added faction: Workers from Nuka-Cola(93, , 0)
[26/9/2024 00:06:21] Added faction: Mutants from Mariposa(97, , 0)
[26/9/2024 00:06:21] Added faction: Area 51 Security System(98, , 0)
[26/9/2024 00:06:21] Added faction: Army of Hawthorne(99, , 0)
[26/9/2024 00:06:21] Added faction: The Tanker Vagrants(21, , 0)
[26/9/2024 00:06:21] Added faction: The Redding Guttersnipes(35, , 0)
[26/9/2024 12:15:13] Added faction: Unknown(0, , 0)
[26/9/2024 12:15:13] Added faction: None(1, , 0)
[26/9/2024 12:15:13] Added faction: Brotherhood Of Steel(2, , 0)
[26/9/2024 12:15:13] Added faction: Enclave(3, , 0)
[26/9/2024 12:15:13] Added faction: The Unity(4, , 0)
[26/9/2024 12:15:13] Added faction: New California Republic(5, , 0)
[26/9/2024 12:15:13] Added faction: Vault City(6, , 0)
[26/9/2024 12:15:13] Added faction: Raiders(7, , 0)
[26/9/2024 12:15:13] Added faction: Mordinos(8, , 0)
[26/9/2024 12:15:13] Added faction: The Slag Bandits(10, , 0)
[26/9/2024 12:15:13] Added faction: Workers from Nuka-Cola(93, , 0)
[26/9/2024 12:15:13] Added faction: Mutants from Mariposa(97, , 0)
[26/9/2024 12:15:13] Added faction: Area 51 Security System(98, , 0)
[26/9/2024 12:15:13] Added faction: Army of Hawthorne(99, , 0)
[26/9/2024 12:15:13] Added faction: The Tanker Vagrants(21, , 0)
[26/9/2024 12:15:13] Added faction: The Redding Guttersnipes(35, , 0)
