24/9/2024 20:20:39> Updating trader: trader@_DenRebecca
109:4,48:3,58:1
10022,0,0,0,0,0,0,0,0,0,0,0,7500,0,0,0,0,0,160,0,0,0,0,0,0,0,0
31:60,10:1,18:1,94:1,18:1,29:150,357:60,121:110,95:120,94:1,94:1,575:70,574:40,283:1,385:1,332:1,574:40,121:110,574:40,18:1,575:70,31:60,121:110,121:110,121:110,283:1,575:70,95:120,18:1,357:60,121:110,53:9,110:5,48:6,109:7,110:5,53:9,259:7,48:6,259:7,87:5,53:9,109:7,109:7,87:5,259:7,259:7,53:9,110:5,48:6,543:4,542:15,127:10,6:4,542:15,127:10,542:15,542:15,542:15,127:10,127:10,542:15,542:15,542:15,542:15,542:15,41:3090
24/9/2024 20:21:39> Updating trader: trader@_Tibbett
31:180,1803:10,276:6,277:8
24752,0,0,19150,0,0,30000,0,0,24915,53405,0,0,0,0,0,0,0,0,0,0,0,0,0,0,0,0
95:300,95:300,95:300,575:90,18:1,95:300,283:1,94:1,357:100,313:1,575:90,575:90,283:1,332:1,29:450,18:1,313:1,283:1,10:1,357:100,95:300,332:1,18:1,283:1,357:100,10:1,574:70,10:1,313:1,121:140,313:1,313:1,121:140,574:70,94:1,18:1,283:1,29:450,31:220,121:140,94:1,29:450,313:1,31:220,313:1,94:1,10:1,574:70,18:1,121:140,283:1,575:90,283:1,94:1,574:70,121:140,121:140,13:1,32:70,387:1,363:400,11:1,13:1,13:1,32:70,14:8,32:70,32:70,11:1,14:8,11:1,38:1200,38:1200,38:1200,118:1,38:1200,38:1200,38:1200,38:1200,118:1,38:1200,38:1200,118:1,38:1200,38:1200,38:1200,38:1200,38:1200,38:1200,38:1200,118:1,38:1200,118:1,38:1200,38:1200,38:1200,276:23,277:23,729:1,277:23,729:1,277:23,730:1,379:1,731:1,1803:17,750:1,1803:17,731:1,731:1,731:1,379:1,729:1,730:1,276:23,277:23,277:23,730:1,276:23,731:1,1803:17,276:23,1:1,276:23,276:23,750:1,1803:17,276:23,1803:17,750:1,277:23,277:23,277:23,276:23,276:23,276:23,265:1,731:1,277:23,276:23,379:1,277:23,276:23,730:1,277:23,277:23,730:1,379:1,379:1,750:1,730:1,379:1,379:1,730:1,276:23,277:23,731:1,265:1,276:23,379:1,731:1,730:1,277:23,750:1,750:1,730:1,731:1,276:23,1803:17,750:1,265:1,276:23,276:23,379:1,1803:17,729:1,731:1,277:23,725:1,734:1,734:1,17:1,380:1,381:1,240:1,381:1,726:1,732:1,2:1,41:1119
24/9/2024 20:22:39> Updating trader: trader@_RenoBartender
49:6,361:50,362:30,388:1,4:1,95:20,94:1
0,0,0,0,0,0,0,0,0,0,0,0,7500,0,0,7420,0,0,0,0,0,0,0,0,0,0,0
87:10,259:7,259:7,110:5,259:7,87:10,87:10,110:5,259:7,48:7,87:10,48:7,48:7,53:4,109:8,259:7,259:7,109:8,109:8,87:10,87:10,361:120,362:60,361:120,361:120,260:1,361:120,49:7,40:2,361:120,144:6,273:5,144:6,144:6,40:2,273:5,361:120,362:60,273:5,273:5,362:60,361:120,41:3161
24/9/2024 20:25:39> Updating trader: trader@_BrokenBill
26:15,116:1,59:1,235:1,52:1
25212,32184,0,18530,0,0,32670,58780,0,0,0,0,0,0,0,0,0,0,0,0,0,0,0,0,0,0,0
94:1,18:1,29:550,332:1,29:550,94:1,10:1,332:1,31:140,385:1,385:1,283:1,332:1,575:290,385:1,29:550,95:720,95:720,95:720,574:180,332:1,10:1,95:720,575:290,574:180,574:180,95:720,10:1,121:130,332:1,10:1,95:720,574:180,574:180,283:1,18:1,10:1,94:1,283:1,121:130,95:720,94:1,95:720,357:160,94:1,357:160,385:1,313:1,357:160,574:180,313:1,10:1,575:290,95:720,31:140,94:1,385:1,121:130,575:290,576:60,574:180,9:1,575:290,619:1,95:720,35:1000,576:60,34:500,575:290,35:1000,576:60,620:1,620:1,576:60,22:1,575:290,242:1,575:290,23:1,620:1,33:500,95:720,95:720,576:60,363:400,387:1,32:60,387:1,13:1,32:60,118:1,38:780,38:780,118:1,38:780,38:780,38:780,118:1,38:780,118:1,38:780,118:1,118:1,38:780,38:780,38:780,38:780,38:780,38:780,116:1,52:1,235:1,116:1,26:25,116:1,59:1,39:750,39:750,59:1,52:1,15:1,15:1,26:25,116:1,39:750,39:750,41:2743
24/9/2024 20:25:39> Updating trader: trader@_RenoJules
362:20,388:1,361:10,319:1
0,0,0,0,0,0,0,0,0,0,0,0,9750,0,0,9422,19192,0,0,0,0,0,0,0,0,0,0
109:15,109:15,53:8,87:8,53:8,109:15,53:8,48:7,109:15,87:8,53:8,259:6,109:15,109:15,259:6,109:15,109:15,109:15,48:7,110:8,53:8,48:7,87:8,48:7,109:15,110:8,109:15,48:7,40:7,273:5,40:7,144:6,49:4,260:2,40:7,388:1,361:20,144:6,40:7,273:5,273:5,362:30,273:5,41:3132
24/9/2024 20:26:39> Updating trader: trader@_ModocMook
363:500
0,0,0,11650,0,0,0,0,0,0,0,0,0,0,0,0,0,0,120,0,0,0,0,0,0,0,0
13:1,11:1,14:2,387:1,11:1,32:60,32:60,32:60,7:4,542:15,542:15,127:16,58:1,542:15,542:15,542:15,41:3149
24/9/2024 20:26:39> Updating trader: trader@_ReddingAscorti
31:100,35:750
22477,40389,0,0,0,0,31500,0,0,0,0,0,0,0,0,0,0,0,0,31657,0,0,0,0,0,0,0
385:1,575:230,18:1,10:1,29:550,385:1,95:360,283:1,29:550,18:1,574:160,332:1,385:1,575:230,29:550,575:230,574:160,574:160,29:550,121:190,29:550,283:1,95:360,313:1,283:1,10:1,574:160,18:1,10:1,283:1,575:230,121:190,31:120,385:1,357:340,357:340,10:1,10:1,385:1,94:1,283:1,29:550,121:190,29:550,95:360,121:190,18:1,121:190,18:1,94:1,18:1,313:1,574:160,29:550,121:190,121:190,121:190,23:1,33:400,576:100,620:1,576:100,33:400,621:60,95:360,23:1,575:230,22:1,574:160,621:60,9:1,9:1,620:1,34:500,23:1,576:100,576:100,35:1000,576:100,95:360,34:500,619:1,34:500,22:1,576:100,575:230,574:160,576:100,118:1,38:540,38:540,38:540,118:1,118:1,118:1,38:540,118:1,38:540,38:540,118:1,38:540,38:540,38:540,1803:28,277:29,25:125,1803:28,115:1,25:125,276:17,25:125,25:125,1803:28,277:29,115:1,276:17,25:125,25:125,25:125,276:17,277:29,25:125,1803:28,115:1,277:29,1803:28,1803:28,1803:28,277:29,115:1,1803:28,1803:28,1803:28,1803:28,25:125,1803:28,1803:28,25:125,277:29,115:1,277:29,25:125,115:1,1803:28,25:125,115:1,41:3504
24/9/2024 20:26:39> Updating trader: trader@_SFKarl
32:80,363:300,11:1,34:300,708:110,276:10,277:10,1803:15
0,0,0,20805,70435,0,0,0,0,35794,72120,0,0,0,0,0,0,0,0,0,0,0,0,0,0,0,0
387:1,13:1,32:120,387:1,11:1,363:500,32:120,32:120,32:120,363:500,14:3,37:40,37:40,355:1,34:500,389:1,355:1,389:1,12:1,12:1,37:40,708:190,36:1000,34:500,708:190,708:190,708:190,708:190,708:190,708:190,708:190,731:1,277:19,1803:23,750:1,729:1,265:1,729:1,729:1,729:1,730:1,731:1,730:1,1803:23,379:1,1:1,1803:23,1803:23,729:1,730:1,276:26,750:1,1803:23,276:26,277:19,729:1,379:1,1:1,276:26,1:1,276:26,1:1,730:1,1:1,731:1,277:19,729:1,276:26,379:1,265:1,379:1,379:1,276:26,277:19,265:1,379:1,729:1,730:1,1:1,730:1,265:1,277:19,265:1,265:1,276:26,277:19,276:26,276:26,729:1,1803:23,379:1,731:1,1:1,276:26,277:19,379:1,276:26,379:1,750:1,730:1,730:1,729:1,379:1,1803:23,276:26,730:1,729:1,729:1,276:26,265:1,277:19,731:1,276:26,379:1,730:1,730:1,276:26,750:1,1803:23,379:1,750:1,277:19,750:1,750:1,265:1,379:1,276:26,2:1,240:1,734:1,2:1,725:1,2:1,734:1,726:1,733:1,380:1,725:1,240:1,732:1,725:1,381:1,17:1,2:1,381:1,41:1903
24/9/2024 20:27:39> Updating trader: trader@_BrokenLiz
242:1,265:1
13822,22027,0,8280,0,0,0,0,0,16805,29910,0,0,0,0,0,0,0,0,0,0,0,0,0,0,0,0
121:120,94:1,29:450,385:1,29:450,575:270,385:1,575:270,29:450,332:1,29:450,95:390,29:450,313:1,313:1,10:1,575:270,283:1,95:390,575:270,29:450,575:270,575:270,575:270,575:270,313:1,283:1,95:390,18:1,31:120,10:1,18:1,121:120,574:120,575:270,121:120,357:80,94:1,121:120,121:120,121:120,94:1,121:120,9:1,34:300,23:1,23:1,22:1,619:1,34:300,575:270,35:500,619:1,22:1,95:390,576:20,575:270,575:270,32:80,11:1,14:8,13:1,32:80,32:80,14:8,32:80,13:1,363:100,14:8,729:1,730:1,1803:20,379:1,276:13,729:1,750:1,1:1,731:1,379:1,1803:20,731:1,730:1,731:1,750:1,730:1,731:1,277:19,1803:20,750:1,276:13,729:1,730:1,729:1,277:19,276:13,379:1,277:19,729:1,750:1,1803:20,265:1,731:1,731:1,1:1,277:19,750:1,276:13,729:1,1803:20,750:1,750:1,277:19,277:19,731:1,379:1,730:1,730:1,731:1,276:13,265:1,729:1,1803:20,730:1,1803:20,277:19,729:1,1803:20,2:1,732:1,381:1,725:1,381:1,2:1,41:3567
24/9/2024 20:29:39> Updating trader: trader@_ModocGrishem
31:100,385:1,109:4,48:3
13240,0,0,0,0,0,0,0,0,0,0,0,9000,0,0,0,0,0,40,0,0,0,0,0,0,0,0
313:1,332:1,29:400,385:1,385:1,574:60,313:1,94:1,10:1,94:1,31:160,121:30,31:160,29:400,94:1,121:30,29:400,313:1,95:210,10:1,29:400,95:210,357:120,95:210,283:1,575:60,574:60,357:120,332:1,31:160,574:60,283:1,357:120,575:60,53:7,259:11,110:8,53:7,110:8,110:8,87:8,87:8,48:6,259:11,48:6,87:8,109:5,53:7,53:7,87:8,259:11,48:6,110:8,87:8,259:11,259:11,87:8,609:2,542:10,127:4,127:4,542:10,542:10,542:10,542:10,41:3003
24/9/2024 20:29:39> Updating trader: trader@_Jacob
363:300,708:140,34:400,1803:13,277:14,276:16
0,0,0,17580,75450,0,43500,0,0,37449,75135,0,0,0,0,0,0,0,0,0,0,0,0,0,0,0,0
363:700,13:1,363:700,32:90,14:4,387:1,32:90,363:700,11:1,11:1,32:90,363:700,14:4,32:90,11:1,14:4,34:700,355:1,708:310,36:1250,708:310,355:1,34:700,37:32,37:32,12:1,355:1,35:1750,35:1750,36:1250,12:1,708:310,708:310,708:310,708:310,35:1750,36:1250,12:1,708:310,37:32,708:310,34:700,708:310,708:310,708:310,708:310,708:310,708:310,708:310,708:310,708:310,38:1020,38:1020,118:1,38:1020,118:1,38:1020,118:1,118:1,38:1020,38:1020,38:1020,38:1020,118:1,118:1,118:1,118:1,38:1020,38:1020,38:1020,38:1020,38:1020,38:1020,38:1020,38:1020,38:1020,276:26,731:1,276:26,379:1,1803:25,276:26,276:26,379:1,277:28,265:1,730:1,265:1,731:1,729:1,731:1,265:1,277:28,750:1,1:1,729:1,1:1,730:1,750:1,1803:25,750:1,277:28,1803:25,731:1,277:28,1803:25,265:1,1803:25,277:28,730:1,1:1,379:1,277:28,1:1,277:28,276:26,1803:25,730:1,729:1,1803:25,265:1,379:1,729:1,277:28,730:1,1:1,1803:25,277:28,277:28,1:1,276:26,277:28,1:1,379:1,729:1,750:1,277:28,730:1,731:1,731:1,265:1,729:1,730:1,379:1,1:1,277:28,729:1,731:1,379:1,1803:25,265:1,1:1,731:1,276:26,729:1,730:1,729:1,277:28,265:1,1:1,1:1,1:1,730:1,729:1,750:1,730:1,276:26,1:1,730:1,750:1,265:1,276:26,750:1,1803:25,750:1,1803:25,1803:25,1:1,1:1,276:26,733:1,381:1,380:1,2:1,380:1,240:1,240:1,733:1,2:1,381:1,381:1,726:1,734:1,381:1,734:1,733:1,733:1,734:1,41:1281
24/9/2024 20:29:39> Updating trader: trader@_VegasWoody
48:10,109:6
0,0,0,0,0,0,0,0,0,0,0,0,15000,0,0,0,0,0,0,0,0,0,0,0,0,0,0
110:13,87:9,48:21,53:10,110:13,87:9,87:9,48:21,48:21,259:13,48:21,48:21,53:10,259:13,259:13,53:10,48:21,53:10,109:11,110:13,53:10,48:21,109:11,87:9,48:21,48:21,110:13,48:21,87:9,110:13,110:13,109:11,109:11,87:9,110:13,48:21,109:11,53:10,41:1247
24/9/2024 20:30:39> Updating trader: trader@_Pharmacist
388:1,361:50,362:30
0,0,0,0,0,0,0,0,0,0,0,0,15000,0,0,14510,0,0,0,0,0,0,0,0,0,0,0
110:19,110:19,259:12,259:12,53:12,110:19,48:8,259:12,259:12,53:12,87:9,53:12,87:9,110:19,87:9,259:12,110:19,53:12,110:19,259:12,259:12,48:8,53:12,53:12,109:8,48:8,53:12,87:9,110:19,109:8,53:12,110:19,53:12,109:8,87:9,273:6,388:1,273:6,49:11,361:70,273:6,40:4,40:4,49:11,49:11,40:4,260:4,49:11,144:5,144:5,361:70,49:11,260:4,362:40,49:11,41:3012
24/9/2024 20:31:39> Updating trader: trader@_BrokenDocHolliday
388:1,361:30,362:30
0,0,0,0,0,0,0,0,0,0,0,0,10395,15955,0,9995,20565,0,0,0,0,0,0,0,0,0,0
48:9,109:8,110:10,48:9,48:9,87:6,259:11,259:11,110:10,259:11,259:11,48:9,53:7,110:10,110:10,110:10,109:8,109:8,110:10,53:7,110:10,87:6,53:7,388:1,362:70,388:1,388:1,40:6,144:6,362:70,362:70,49:2,361:50,144:6,362:70,273:7,40:6,361:50,273:7,49:2,41:2492
24/9/2024 20:33:39> Updating trader: trader@_VCHappyHarry
58:1
21642,0,0,16150,0,0,27000,0,0,0,0,0,0,0,0,0,0,0,0,27135,0,0,0,0,0,0,0
357:180,332:1,18:1,121:80,18:1,357:180,385:1,332:1,332:1,385:1,313:1,121:80,332:1,10:1,121:80,357:180,10:1,574:110,357:180,95:270,18:1,29:450,313:1,283:1,31:180,574:110,385:1,18:1,18:1,95:270,332:1,574:110,94:1,18:1,95:270,313:1,574:110,31:180,332:1,385:1,29:450,18:1,31:180,18:1,574:110,18:1,313:1,121:80,121:80,575:30,13:1,14:10,13:1,32:40,363:600,363:600,14:10,363:600,363:600,11:1,13:1,14:10,11:1,14:10,14:10,11:1,14:10,14:10,38:1080,38:1080,118:1,38:1080,38:1080,38:1080,118:1,38:1080,118:1,38:1080,38:1080,38:1080,38:1080,38:1080,38:1080,118:1,38:1080,38:1080,38:1080,38:1080,38:1080,38:1080,38:1080,38:1080,38:1080,38:1080,38:1080,38:1080,38:1080,38:1080,115:1,277:27,277:27,25:85,25:85,115:1,277:27,277:27,277:27,277:27,115:1,277:27,277:27,277:27,115:1,277:27,277:27,1803:32,277:27,277:27,115:1,1803:32,25:85,277:27,1803:32,115:1,1803:32,276:22,277:27,25:85,277:27,1803:32,1803:32,276:22,276:22,1803:32,1803:32,276:22,1803:32,1803:32,25:85,276:22,1803:32,1803:32,41:1779
24/9/2024 20:33:39> Updating trader: trader@_RenoBartender
361:10,362:30,4:1,125:1,9:1,29:24
0,0,0,0,0,0,0,0,0,0,0,0,7500,0,0,7000,0,0,0,0,0,0,0,0,0,0,0
110:7,53:5,109:6,109:6,259:5,110:7,48:6,110:7,48:6,109:6,87:9,259:5,53:5,110:7,87:9,109:6,259:5,48:6,260:2,40:11,273:6,40:11,40:11,49:4,40:11,144:6,40:11,362:40,144:6,49:4,361:20,40:11,144:6,41:2496
24/9/2024 20:34:39> Updating trader: trader@_DenTubby
708:70
16552,25304,0,625,36255,0,24000,0,0,0,0,0,0,0,0,0,0,0,0,0,0,0,0,0,0,0,0
574:140,574:140,94:1,121:80,357:140,574:140,332:1,18:1,313:1,31:220,94:1,283:1,29:300,95:390,574:140,29:300,575:160,313:1,121:80,10:1,95:390,18:1,10:1,18:1,575:160,31:220,121:80,385:1,29:300,575:160,385:1,283:1,31:220,385:1,332:1,575:160,313:1,385:1,574:140,31:220,357:140,283:1,31:220,31:220,95:390,621:40,35:1500,23:1,575:160,9:1,23:1,621:40,574:140,576:40,242:1,34:500,620:1,34:500,620:1,576:40,32:20,32:20,14:4,14:4,34:500,389:1,12:1,708:170,389:1,35:1500,35:1500,708:170,708:170,708:170,708:170,708:170,708:170,708:170,708:170,708:170,38:960,38:960,38:960,38:960,118:1,38:960,38:960,118:1,38:960,118:1,38:960,38:960,118:1,38:960,38:960,38:960,38:960,38:960,38:960,38:960,41:3093
24/9/2024 20:36:39> Updating trader: trader@_RenoBartender
361:30,362:60
0,0,0,0,0,0,0,0,0,0,0,0,7500,0,0,6900,0,0,0,0,0,0,0,0,0,0,0
110:6,48:6,53:3,259:8,259:8,259:8,48:6,259:8,259:8,109:8,110:6,87:9,53:3,87:9,109:8,110:6,109:8,53:3,259:8,388:1,40:5,273:9,273:9,388:1,40:5,40:5,49:6,362:70,361:50,361:50,144:3,273:9,273:9,49:6,41:1557
24/9/2024 20:38:39> Updating trader: trader@_ModocBalthas
1803:4,277:5,276:3
0,0,0,0,0,0,0,0,0,17745,0,0,0,0,0,0,0,0,0,0,0,0,0,0,0,0,0
265:1,729:1,1803:7,729:1,731:1,277:15,731:1,265:1,277:15,277:15,1:1,379:1,277:15,1:1,729:1,750:1,1803:7,379:1,265:1,277:15,1:1,1:1,731:1,277:15,265:1,731:1,265:1,277:15,379:1,265:1,1803:7,379:1,277:15,1:1,277:15,379:1,729:1,277:15,41:3416
24/9/2024 20:39:39> Updating trader: trader@_DenMom
362:30,388:1,127:6
0,0,0,0,0,0,0,0,0,0,0,0,0,0,0,8870,0,0,142,0,0,0,0,0,0,0,0
49:5,260:2,40:5,273:6,273:6,40:5,361:10,273:6,49:5,388:1,49:5,362:40,273:6,49:5,273:6,127:8,1803:7,542:12,542:12,609:4,542:12,542:12,542:12,127:8,542:12,542:12,41:3228
24/9/2024 20:42:39> Updating trader: trader@_GeckoSkeeter
121:60,575:10,116:1,235:1,59:1,26:5,109:8,48:5
15672,0,0,0,0,0,20790,37060,0,0,0,0,10500,0,0,0,0,0,0,0,0,0,0,0,0,0,0
385:1,575:70,385:1,283:1,121:100,94:1,385:1,574:60,18:1,574:60,94:1,357:180,385:1,94:1,29:350,10:1,95:150,332:1,332:1,313:1,575:70,575:70,95:150,574:60,94:1,18:1,313:1,357:180,574:60,283:1,385:1,357:180,575:70,283:1,31:100,385:1,575:70,95:150,10:1,121:100,313:1,121:100,575:70,121:100,38:780,38:780,38:780,38:780,118:1,118:1,38:780,38:780,118:1,38:780,38:780,38:780,38:780,38:780,38:780,38:780,38:780,38:780,38:780,38:780,38:780,38:780,38:780,38:780,26:15,24:1,59:1,26:15,39:450,116:1,24:1,15:1,52:1,116:1,39:450,110:11,259:8,110:11,110:11,109:12,110:11,259:8,109:12,259:8,48:9,109:12,87:7,109:12,259:8,48:9,259:8,48:9,259:8,110:11,53:5,259:8,53:5,110:11,48:9,87:7,41:2865
24/9/2024 20:44:39> Updating trader: trader@_NCRShaNine

21512,0,0,0,0,0,0,0,0,21945,45335,0,0,0,0,0,0,0,0,27135,0,0,0,0,0,0,0
29:500,95:240,283:1,575:50,18:1,283:1,18:1,283:1,31:240,574:110,10:1,283:1,31:240,283:1,574:110,332:1,95:240,31:240,385:1,18:1,332:1,121:120,29:500,18:1,18:1,574:110,18:1,385:1,574:110,31:240,385:1,574:110,31:240,31:240,31:240,121:120,121:120,283:1,283:1,121:120,29:500,29:500,313:1,18:1,313:1,385:1,31:240,750:1,729:1,1803:54,277:29,1:1,731:1,1803:54,729:1,379:1,750:1,277:29,1:1,276:39,276:39,1:1,265:1,265:1,1:1,731:1,379:1,731:1,730:1,729:1,276:39,265:1,1803:54,276:39,276:39,750:1,731:1,750:1,750:1,1:1,731:1,379:1,1803:54,265:1,730:1,265:1,379:1,379:1,730:1,276:39,731:1,1:1,379:1,1803:54,379:1,729:1,750:1,730:1,730:1,379:1,731:1,750:1,2:1,734:1,380:1,381:1,380:1,2:1,240:1,2:1,733:1,734:1,17:1,732:1,733:1,2:1,277:29,115:1,1803:54,25:105,276:39,1803:54,276:39,115:1,1803:54,1803:54,277:29,1803:54,276:39,1803:54,115:1,1803:54,1803:54,1803:54,276:39,277:29,276:39,1803:54,25:105,276:39,277:29,277:29,276:39,276:39,25:105,25:105,1803:54,276:39,1803:54,115:1,276:39,115:1,25:105,25:105,25:105,1803:54,25:105,25:105,1803:54,25:105,276:39,1803:54,1803:54,1803:54,25:105,276:39,1803:54,25:105,277:29,276:39,1803:54,276:39,1803:54,1803:54,41:1223
24/9/2024 20:44:39> Updating trader: trader@_NCRDusty
385:1
14560,0,0,0,0,0,0,0,0,0,0,0,9750,0,0,9570,0,0,160,0,0,0,0,0,0,0,0
10:1,121:100,357:120,313:1,94:1,357:120,283:1,95:270,385:1,385:1,575:60,95:270,283:1,95:270,385:1,357:120,31:60,574:90,575:60,121:100,332:1,10:1,10:1,313:1,385:1,18:1,385:1,95:270,332:1,385:1,10:1,313:1,357:120,574:90,121:100,29:250,574:90,385:1,110:8,259:10,110:8,87:10,109:9,87:10,53:7,259:10,109:9,53:7,53:7,87:10,87:10,259:10,259:10,87:10,109:9,53:7,109:9,110:8,87:10,48:6,109:9,87:10,110:8,49:8,49:8,273:5,49:8,362:120,361:30,273:5,362:120,144:3,49:8,40:2,362:120,260:2,49:8,49:8,362:120,273:5,273:5,362:120,388:1,6:8,127:10,542:20,543:5,127:10,127:10,542:20,127:10,542:20,542:20,542:20,542:20,542:20,542:20,542:20,542:20,41:1692
24/9/2024 20:44:39> Updating trader: trader@_Taylor
109:2,48:2,58:1
12612,0,0,0,0,0,0,0,0,0,0,0,9000,0,0,0,0,0,200,0,0,0,0,0,0,0,0
332:1,31:160,31:160,94:1,332:1,94:1,283:1,575:70,94:1,385:1,10:1,313:1,121:90,332:1,283:1,31:160,29:200,385:1,575:70,332:1,575:70,357:100,313:1,385:1,121:90,121:90,259:7,48:5,109:11,53:9,109:11,87:10,109:11,109:11,109:11,87:10,259:7,53:9,48:5,53:9,53:9,109:11,109:11,259:7,109:11,87:10,109:11,53:9,259:7,53:9,48:5,110:6,1803:6,127:13,127:13,542:15,58:1,609:7,542:15,127:13,542:15,542:15,542:15,542:15,542:15,542:15,127:13,127:13,542:15,542:15,41:1624
24/9/2024 20:45:39> Updating trader: trader@_DenFrank
361:40,40:3,362:40,30:7
0,0,0,0,0,0,0,0,0,0,0,0,0,0,0,6840,0,0,0,0,0,0,0,0,0,0,0
144:7,388:1,361:90,40:8,361:90,49:15,361:90,362:110,273:8,362:110,40:8,361:90,361:90,144:7,273:8,40:8,362:110,362:110,362:110,49:15,49:15,49:15,40:8,273:8,273:8,49:15,40:8,273:8,144:7,144:7,362:110,362:110,144:7,273:8,41:2609
24/9/2024 20:45:39> Updating trader: trader@_ModocJo
35:500
22732,32014,0,0,0,0,30000,0,0,0,0,0,0,0,0,0,0,0,320,0,0,0,0,0,0,0,0
283:1,29:750,357:200,313:1,10:1,385:1,283:1,332:1,94:1,31:180,575:250,574:150,29:750,385:1,574:150,332:1,313:1,385:1,385:1,385:1,574:150,121:90,94:1,357:200,29:750,121:90,357:200,95:180,385:1,29:750,313:1,31:180,10:1,29:750,332:1,283:1,29:750,385:1,94:1,385:1,18:1,10:1,357:200,121:90,313:1,10:1,94:1,283:1,29:750,18:1,357:200,574:150,357:200,357:200,121:90,34:500,576:80,242:1,621:60,576:80,34:500,95:180,22:1,33:700,23:1,621:60,9:1,35:1000,9:1,242:1,33:700,574:150,576:80,35:1000,22:1,23:1,576:80,576:80,38:720,118:1,38:720,118:1,118:1,118:1,38:720,38:720,118:1,118:1,276:4,6:4,4:40,609:7,41:3010
24/9/2024 20:45:39> Updating trader: trader@_GeckoWooz
388:1,361:40,362:70,277:7,543:3
0,0,0,0,0,0,0,0,0,0,0,0,0,0,0,11150,0,0,2080,0,0,0,0,0,0,0,0
362:90,260:2,388:1,362:90,273:6,361:50,388:1,49:10,40:5,58:1,4:35,4:35,543:4,1803:5,542:20,276:4,609:13,609:13,84:5,277:8,45:5,127:8,542:20,542:20,542:20,609:13,127:8,542:20,41:3650
24/9/2024 20:47:39> Updating trader: trader@_SFChiang
35:500,36:1000,26:35,116:1,235:1,52:1,59:1,40:1
42592,29232,84371,0,0,0,47520,88330,0,0,0,0,0,0,0,0,0,0,0,0,0,0,0,0,0,0,0
357:200,385:1,313:1,95:1110,574:320,31:400,385:1,313:1,29:900,29:900,121:130,283:1,575:370,95:1110,29:900,18:1,31:400,313:1,31:400,95:1110,29:900,18:1,332:1,95:1110,10:1,29:900,95:1110,283:1,10:1,575:370,31:400,31:400,283:1,385:1,29:900,18:1,121:130,31:400,385:1,575:370,385:1,313:1,121:130,121:130,357:200,332:1,575:370,31:400,29:900,95:1110,357:200,31:400,18:1,575:370,332:1,31:400,574:320,95:1110,121:130,94:1,29:900,18:1,121:130,31:400,357:200,283:1,29:900,575:370,10:1,31:400,29:900,575:370,18:1,574:320,332:1,10:1,94:1,94:1,95:1110,18:1,332:1,574:320,283:1,332:1,18:1,332:1,575:370,313:1,357:200,575:370,10:1,31:400,31:400,332:1,94:1,29:900,283:1,574:320,121:130,575:370,121:130,313:1,385:1,121:130,31:400,242:1,575:370,574:320,621:70,33:700,35:1000,9:1,9:1,22:1,22:1,574:320,574:320,35:1000,34:600,22:1,621:70,621:70,9:1,576:220,574:320,33:700,34:600,574:320,576:220,296:1,95:1110,241:1,353:1,95:1110,620:1,619:1,619:1,143:1,268:1,95:1110,95:1110,576:220,620:1,95:1110,95:1110,354:1,354:1,241:1,354:1,36:1250,30:150,576:220,575:370,95:1110,354:1,619:1,619:1,241:1,620:1,576:220,241:1,95:1110,621:70,621:70,38:900,38:900,38:900,118:1,118:1,118:1,118:1,118:1,118:1,38:900,118:1,38:900,38:900,38:900,38:900,38:900,38:900,38:900,38:900,118:1,38:900,118:1,38:900,38:900,52:1,116:1,24:1,24:1,235:1,26:55,39:300,235:1,26:55,26:55,15:1,59:1,39:300,52:1,15:1,59:1,24:1,15:1,116:1,24:1,24:1,235:1,24:1,26:55,24:1,24:1,41:1750
24/9/2024 20:48:39> Updating trader: trader@_NCRMiria
40:2
15242,0,0,0,0,0,0,0,0,0,0,0,9750,0,0,9390,0,0,40,0,0,0,0,0,0,0,0
10:1,313:1,10:1,575:90,29:450,121:90,332:1,313:1,385:1,574:60,31:160,575:90,313:1,332:1,385:1,575:90,357:80,357:80,283:1,29:450,357:80,385:1,29:450,94:1,18:1,10:1,283:1,121:90,121:90,94:1,385:1,95:210,574:60,29:450,31:160,29:450,575:90,10:1,121:90,121:90,87:10,87:10,259:10,48:6,53:11,48:6,109:9,53:11,48:6,109:9,53:11,87:10,109:9,87:10,48:6,110:6,110:6,259:10,110:6,259:10,259:10,53:11,109:9,53:11,259:10,53:11,144:4,144:4,260:1,362:40,361:70,388:1,144:4,273:5,49:6,362:40,362:40,273:5,49:6,273:5,609:3,127:14,542:10,127:14,542:10,542:10,542:10,542:10,41:1633
24/9/2024 20:50:39> Updating trader: trader@_VCSubAmenitiesA
35:500,36:250,620:1
29032,14295,56171,0,0,0,0,0,0,0,0,0,0,0,0,0,0,0,0,0,0,0,0,0,0,0,0
574:430,10:1,385:1,10:1,121:110,313:1,283:1,18:1,29:400,121:110,385:1,283:1,283:1,31:120,574:430,95:550,121:110,10:1,283:1,94:1,313:1,18:1,313:1,18:1,94:1,575:250,18:1,313:1,283:1,332:1,385:1,95:550,385:1,95:550,385:1,10:1,574:430,94:1,313:1,18:1,121:110,313:1,313:1,575:250,283:1,575:250,18:1,332:1,18:1,18:1,18:1,10:1,95:550,10:1,29:400,121:110,313:1,283:1,94:1,10:1,313:1,357:80,575:250,121:110,619:1,95:550,621:90,574:430,95:550,242:1,621:90,35:1000,574:430,95:550,35:1000,575:250,574:430,574:430,576:110,575:250,621:90,95:550,621:90,296:1,30:100,574:430,353:1,574:430,574:430,143:1,354:1,296:1,620:1,575:250,241:1,143:1,353:1,619:1,95:550,575:250,41:1650
24/9/2024 20:51:39> Updating trader: trader@_VCAmenities
361:50,362:20,388:1
0,0,0,0,0,0,0,0,0,0,0,0,14850,24850,0,14590,29745,0,0,0,0,0,0,0,0,0,0
87:16,87:16,259:19,87:16,259:19,87:16,259:19,87:16,48:12,259:19,87:16,109:16,109:16,259:19,109:16,87:16,87:16,109:16,109:16,259:19,53:11,110:8,87:16,87:16,259:19,53:11,87:16,53:11,259:19,53:11,259:19,53:11,87:16,48:12,48:12,87:16,48:12,48:12,259:19,110:8,48:12,87:16,53:11,53:11,388:1,260:2,361:100,388:1,49:11,273:9,49:11,273:9,40:9,362:80,361:100,362:80,273:9,49:11,362:80,49:11,40:9,144:5,362:80,362:80,144:5,49:11,361:100,49:11,273:9,144:5,49:11,273:9,49:11,273:9,49:11,361:100,361:100,40:9,40:9,40:9,362:80,40:9,144:5,273:9,41:1467
24/9/2024 20:51:39> Updating trader: trader@_RenoRenesco
53:7,362:10,361:30,388:1
0,0,0,0,0,0,0,0,0,0,0,0,16335,28315,0,15735,32490,0,0,33165,0,0,0,0,0,0,0
53:19,259:10,53:19,87:16,110:16,53:19,87:16,48:11,87:16,110:16,53:19,110:16,53:19,48:11,87:16,109:9,259:10,48:11,110:16,53:19,53:19,87:16,109:9,259:10,53:19,110:16,110:16,48:11,87:16,53:19,53:19,53:19,48:11,110:16,259:10,109:9,53:19,109:9,110:16,362:50,362:50,361:80,388:1,361:80,49:9,40:6,144:11,49:9,273:9,361:80,49:9,361:80,144:11,362:50,144:11,49:9,273:9,260:3,260:3,273:9,144:11,49:9,273:9,361:80,362:50,144:11,276:40,277:37,276:40,277:37,276:40,115:1,115:1,277:37,276:40,276:40,276:40,277:37,1803:32,115:1,25:165,25:165,277:37,276:40,1803:32,25:165,276:40,1803:32,276:40,277:37,277:37,25:165,25:165,1803:32,277:37,115:1,277:37,276:40,1803:32,276:40,1803:32,277:37,25:165,115:1,25:165,25:165,277:37,276:40,276:40,277:37,1803:32,276:40,277:37,276:40,25:165,1803:32,25:165,1803:32,277:37,25:165,277:37,115:1,25:165,25:165,25:165,276:40,25:165,41:2843
24/9/2024 20:52:39> Updating trader: trader@_VCMacRae
35:500,619:1,109:4,48:3
13482,22339,0,0,0,0,0,0,0,0,0,0,10500,0,0,0,0,0,120,0,0,0,0,0,0,0,0
94:1,574:130,283:1,18:1,94:1,332:1,10:1,29:700,385:1,29:700,29:700,95:270,121:110,29:700,29:700,574:130,29:700,121:110,357:140,313:1,94:1,94:1,574:130,121:110,10:1,283:1,357:140,95:270,121:110,313:1,95:270,29:700,29:700,94:1,575:150,31:100,23:1,34:300,619:1,576:50,576:50,620:1,33:500,33:500,9:1,576:50,35:1000,34:300,35:1000,574:130,575:150,574:130,110:11,259:9,110:11,87:6,48:6,109:8,48:6,259:9,87:6,110:11,259:9,110:11,109:8,109:8,53:10,259:9,48:6,110:11,259:9,110:11,110:11,110:11,109:8,543:6,542:10,127:7,609:6,542:10,127:7,127:7,127:7,542:10,542:10,542:10,41:1572
24/9/2024 20:52:39> Updating trader: trader@_SFChiang
18:1,35:750,36:1000,26:5,52:1,59:1,116:1,235:1
40896,31287,77271,0,0,0,47520,88330,0,0,0,0,0,0,0,0,0,0,0,0,0,0,0,0,0,0,0
29:650,574:480,94:1,575:410,332:1,574:480,385:1,18:1,357:220,31:200,94:1,10:1,121:170,283:1,95:850,121:170,332:1,575:410,283:1,385:1,357:220,357:220,18:1,385:1,574:480,313:1,18:1,385:1,575:410,29:650,575:410,332:1,95:850,95:850,385:1,10:1,313:1,332:1,31:200,18:1,10:1,121:170,574:480,283:1,31:200,31:200,29:650,10:1,121:170,95:850,10:1,121:170,313:1,29:650,10:1,94:1,95:850,121:170,574:480,29:650,574:480,94:1,121:170,10:1,332:1,283:1,121:170,283:1,94:1,385:1,94:1,575:410,313:1,385:1,94:1,29:650,385:1,332:1,29:650,121:170,283:1,18:1,10:1,357:220,332:1,95:850,332:1,95:850,313:1,313:1,95:850,121:170,575:410,575:410,22:1,242:1,22:1,23:1,23:1,242:1,35:1000,621:90,242:1,33:700,34:700,574:480,9:1,242:1,621:90,575:410,621:90,95:850,576:190,296:1,353:1,619:1,36:2750,36:2750,36:2750,36:2750,36:2750,143:1,576:190,574:480,36:2750,268:1,296:1,576:190,576:190,296:1,268:1,354:1,353:1,95:850,619:1,574:480,575:410,30:250,95:850,575:410,36:2750,574:480,95:850,576:190,576:190,574:480,576:190,38:900,118:1,118:1,118:1,118:1,118:1,38:900,118:1,38:900,118:1,38:900,38:900,38:900,38:900,118:1,118:1,38:900,38:900,38:900,38:900,38:900,38:900,38:900,38:900,59:1,26:30,39:1050,235:1,59:1,39:1050,116:1,26:30,24:1,116:1,26:30,52:1,235:1,59:1,235:1,39:1050,24:1,15:1,39:1050,24:1,26:30,116:1,235:1,15:1,116:1,15:1,26:30,41:1804
24/9/2024 20:52:39> Updating trader: trader@_Killian
121:90,313:1,45:15
28390,0,0,22150,0,0,0,0,0,0,0,0,16500,0,0,15990,0,0,2300,0,0,0,0,0,0,0,0
385:1,121:130,385:1,332:1,18:1,574:70,94:1,332:1,385:1,385:1,313:1,332:1,574:70,121:130,357:140,574:70,29:400,313:1,10:1,29:400,385:1,575:80,31:260,283:1,313:1,29:400,283:1,18:1,575:80,95:210,31:260,357:140,31:260,574:70,575:80,283:1,10:1,313:1,283:1,18:1,95:210,313:1,10:1,332:1,29:400,313:1,31:260,357:140,332:1,313:1,313:1,575:80,18:1,283:1,29:400,313:1,94:1,18:1,313:1,357:140,574:70,31:260,121:130,575:80,121:130,32:80,11:1,32:80,13:1,363:200,387:1,14:12,11:1,13:1,13:1,32:80,32:80,13:1,32:80,14:12,14:12,14:12,14:12,14:12,259:13,110:18,110:18,87:11,87:11,110:18,87:11,109:19,53:10,109:19,110:18,87:11,259:13,53:10,109:19,53:10,110:18,87:11,110:18,109:19,48:10,259:13,110:18,53:10,259:13,48:10,259:13,48:10,48:10,259:13,110:18,53:10,53:10,109:19,48:10,109:19,259:13,53:10,109:19,87:11,48:10,40:11,40:11,49:10,361:70,361:70,49:10,260:3,388:1,362:80,144:9,362:80,362:80,144:9,260:3,361:70,49:10,273:6,40:11,273:6,144:9,40:11,40:11,362:80,40:11,40:11,273:6,361:70,362:80,273:6,276:4,7:10,6:6,549:9,6:6,7:10,7:10,127:16,1803:11,58:1,127:16,276:4,1803:11,127:16,127:16,277:4,4:40,1803:11,127:16,542:15,542:15,127:16,127:16,542:15,127:16,542:15,542:15,41:1428
24/9/2024 20:53:39> Updating trader: trader@_CathShop
26:15,235:1,59:1,116:1,52:1,362:40,361:70,388:1
0,0,0,0,0,0,41580,72670,0,0,0,0,0,0,0,20430,41400,0,0,0,0,0,0,0,0,0,0
38:1140,38:1140,38:1140,38:1140,38:1140,38:1140,118:1,118:1,38:1140,118:1,118:1,38:1140,118:1,118:1,38:1140,118:1,118:1,38:1140,38:1140,39:750,15:1,15:1,24:1,59:1,52:1,59:1,24:1,15:1,52:1,24:1,59:1,39:750,59:1,24:1,59:1,26:20,361:180,273:7,49:12,40:13,361:180,144:6,388:1,40:13,40:13,144:6,40:13,260:4,49:12,362:110,362:110,362:110,388:1,361:180,361:180,144:6,49:12,144:6,361:180,273:7,260:4,362:110,49:12,361:180,361:180,361:180,362:110,273:7,49:12,144:6,361:180,362:110,49:12,273:7,273:7,49:12,40:13,49:12,362:110,361:180,40:13,40:13,361:180,41:3672
24/9/2024 20:53:39> Updating trader: trader@_KhansAugustus
388:1,361:40,362:10,106:1,363:151
0,0,0,0,0,0,0,0,0,0,0,0,8910,13990,0,8620,17685,0,0,0,0,0,0,0,0,0,0
110:9,259:4,53:10,87:13,110:9,53:10,53:10,87:13,87:13,53:10,53:10,87:13,87:13,110:9,259:4,48:3,53:10,110:9,53:10,109:5,48:3,48:3,260:2,49:8,273:12,361:100,273:12,273:12,49:8,273:12,362:50,40:10,49:8,361:100,40:10,361:100,49:8,40:10,49:8,40:10,361:100,273:12,40:10,361:100,362:50,362:50,40:10,144:2,361:100,273:12,362:50,49:8,273:12,273:12,40:10,49:8,273:12,144:2,41:2203
24/9/2024 20:54:39> Updating trader: trader@_VegasTony
109:7,48:10
0,0,0,0,0,0,0,0,0,0,0,0,15000,0,0,0,0,0,0,0,0,0,0,0,0,0,0
53:16,110:13,53:16,109:10,48:18,53:16,110:13,87:11,110:13,48:18,53:16,87:11,259:8,87:11,48:18,87:11,48:18,53:16,109:10,110:13,110:13,259:8,87:11,110:13,48:18,48:18,259:8,53:16,53:16,87:11,48:18,110:13,48:18,110:13,109:10,53:16,41:1577
24/9/2024 20:56:39> Updating trader: trader@_RenoEldridge
353:1,708:160
31592,14652,79945,13245,52405,0,0,0,0,0,0,0,0,0,0,0,0,0,0,0,0,0,0,0,0,0,0
121:130,10:1,10:1,95:900,10:1,332:1,31:220,94:1,575:360,574:360,385:1,29:550,357:140,575:360,95:900,357:140,94:1,18:1,95:900,10:1,94:1,31:220,10:1,283:1,283:1,95:900,575:360,29:550,10:1,18:1,575:360,313:1,332:1,94:1,313:1,332:1,18:1,95:900,332:1,31:220,385:1,385:1,385:1,31:220,121:130,121:130,95:900,385:1,94:1,283:1,10:1,385:1,95:900,332:1,574:360,29:550,574:360,95:900,574:360,313:1,18:1,575:360,332:1,332:1,94:1,332:1,31:220,121:130,23:1,576:230,9:1,242:1,575:360,575:360,621:100,574:360,620:1,575:360,621:100,268:1,296:1,268:1,296:1,619:1,95:900,95:900,268:1,95:900,36:3500,574:360,30:150,619:1,296:1,576:230,620:1,241:1,619:1,620:1,296:1,576:230,268:1,574:360,576:230,574:360,620:1,574:360,353:1,576:230,95:900,574:360,576:230,575:360,575:360,574:360,14:6,13:1,11:1,11:1,363:500,14:6,387:1,32:50,14:6,14:6,35:1250,36:3500,37:40,34:600,355:1,36:3500,12:1,355:1,37:40,36:3500,34:600,36:3500,355:1,708:190,34:600,708:190,708:190,41:2594
24/9/2024 20:57:39> Updating trader: trader@_Mitch
48:6,109:7
24462,0,0,0,0,0,0,0,0,0,0,0,14850,25500,0,0,0,0,0,30150,0,0,0,0,0,0,0
332:1,385:1,95:390,121:160,357:220,10:1,18:1,332:1,385:1,357:220,95:390,574:120,31:300,121:160,10:1,29:350,575:90,31:300,10:1,357:220,31:300,121:160,332:1,29:350,29:350,29:350,332:1,94:1,575:90,575:90,94:1,121:160,29:350,332:1,574:120,283:1,31:300,357:220,357:220,31:300,357:220,121:160,332:1,95:390,385:1,283:1,121:160,332:1,95:390,575:90,574:120,18:1,94:1,121:160,29:350,313:1,94:1,574:120,574:120,357:220,110:17,109:13,109:13,110:17,259:12,259:12,53:12,109:13,53:12,109:13,109:13,259:12,259:12,53:12,53:12,259:12,110:17,110:17,53:12,109:13,87:6,87:6,48:10,87:6,53:12,110:17,110:17,48:10,48:10,53:12,110:17,87:6,110:17,259:12,48:10,277:17,1803:21,115:1,277:17,1803:21,277:17,1803:21,115:1,115:1,277:17,1803:21,115:1,277:17,115:1,277:17,1803:21,276:10,115:1,25:50,1803:21,25:50,115:1,115:1,277:17,277:17,277:17,277:17,25:50,1803:21,276:10,276:10,41:1949
24/9/2024 20:58:39> Updating trader: trader@_DenFlick
18:1,277:6,276:8,1803:9,48:5,110:4,109:6,30:24
15236,0,0,11460,0,0,0,0,0,16245,0,0,9750,0,0,0,0,0,0,0,0,0,0,0,0,0,0
18:1,18:1,95:120,10:1,357:40,332:1,574:60,313:1,357:40,18:1,574:60,574:60,283:1,10:1,575:70,575:70,95:120,29:400,95:120,94:1,10:1,10:1,332:1,94:1,94:1,575:70,95:120,574:60,18:1,385:1,31:180,575:70,574:60,121:50,31:180,29:400,31:180,94:1,313:1,575:70,313:1,575:70,121:50,121:50,363:500,363:500,11:1,14:9,13:1,13:1,11:1,32:40,363:500,14:9,11:1,32:40,276:15,276:15,750:1,277:12,265:1,729:1,276:15,731:1,731:1,265:1,1:1,276:15,729:1,731:1,730:1,265:1,277:12,277:12,379:1,276:15,731:1,379:1,1803:13,277:12,276:15,277:12,1:1,1:1,265:1,730:1,729:1,379:1,1803:13,276:15,729:1,1:1,379:1,277:12,1:1,750:1,1803:13,1803:13,730:1,729:1,110:9,53:5,87:8,87:8,53:5,109:13,109:13,109:13,48:7,53:5,110:9,259:8,87:8,110:9,109:13,110:9,109:13,87:8,259:8,110:9,87:8,48:7,109:13,109:13,87:8,41:3309
24/9/2024 20:58:39> Updating trader: trader@_JovialJoe
362:30,361:30,388:1
0,0,0,0,0,0,0,0,0,0,0,0,15000,0,0,14820,0,0,0,0,0,0,0,0,0,0,0
53:10,53:10,53:10,48:13,87:12,109:10,48:13,110:16,259:13,109:10,259:13,53:10,110:16,110:16,110:16,259:13,259:13,259:13,110:16,48:13,48:13,48:13,109:10,109:10,109:10,109:10,109:10,110:16,53:10,110:16,53:10,110:16,53:10,110:16,87:12,388:1,362:60,388:1,273:3,144:4,49:6,388:1,260:2,273:3,362:60,49:6,40:5,49:6,144:4,49:6,362:60,40:5,41:2906
24/9/2024 20:59:39> Updating trader: trader@_Gunsmith
35:1750,276:13,1803:15,277:11
31572,44394,0,0,0,0,0,0,0,35745,0,0,0,0,0,0,0,0,0,0,0,0,0,0,0,0,0
10:1,121:150,10:1,332:1,31:280,283:1,574:220,31:280,313:1,18:1,332:1,283:1,313:1,121:150,31:280,94:1,313:1,29:500,575:340,574:220,574:220,10:1,121:150,575:340,313:1,31:280,31:280,283:1,574:220,95:750,10:1,574:220,385:1,385:1,575:340,121:150,10:1,575:340,575:340,31:280,31:280,94:1,121:150,283:1,357:240,385:1,10:1,121:150,29:500,357:240,94:1,31:280,95:750,357:240,18:1,332:1,385:1,575:340,95:750,10:1,31:280,95:750,18:1,94:1,121:150,94:1,313:1,29:500,31:280,357:240,385:1,357:240,574:220,357:240,574:220,313:1,29:500,313:1,10:1,29:500,357:240,95:750,18:1,574:220,121:150,575:340,575:340,357:240,121:150,95:750,31:280,29:500,121:150,18:1,121:150,23:1,576:80,621:40,619:1,576:80,95:750,95:750,620:1,576:80,621:40,575:340,22:1,576:80,35:2250,23:1,242:1,620:1,619:1,23:1,242:1,620:1,34:800,35:2250,22:1,34:800,575:340,95:750,276:24,731:1,277:23,730:1,750:1,730:1,730:1,277:23,750:1,1:1,265:1,729:1,276:24,729:1,750:1,731:1,1803:21,276:24,276:24,750:1,277:23,1803:21,277:23,750:1,277:23,730:1,1803:21,750:1,265:1,730:1,731:1,729:1,730:1,730:1,731:1,276:24,1:1,265:1,379:1,729:1,276:24,277:23,729:1,729:1,277:23,750:1,731:1,1:1,277:23,379:1,730:1,379:1,730:1,1:1,750:1,276:24,731:1,730:1,731:1,730:1,379:1,276:24,379:1,265:1,750:1,379:1,277:23,1:1,276:24,750:1,379:1,265:1,1:1,750:1,730:1,277:23,729:1,731:1,731:1,730:1,277:23,379:1,731:1,1:1,265:1,729:1,729:1,730:1,730:1,1803:21,276:24,1:1,750:1,265:1,1803:21,1803:21,731:1,277:23,379:1,730:1,729:1,729:1,276:24,730:1,730:1,41:1242
24/9/2024 20:59:39> Updating trader: trader@_KhansArt
35:2000
25672,14770,46171,0,0,0,0,0,0,29745,0,0,0,0,0,16040,0,0,0,0,0,0,0,0,0,0,0
332:1,121:130,332:1,575:240,94:1,575:240,121:130,574:420,357:160,18:1,283:1,18:1,95:590,313:1,94:1,94:1,121:130,10:1,29:700,18:1,575:240,332:1,31:160,575:240,575:240,357:160,29:700,29:700,121:130,574:420,574:420,18:1,31:160,332:1,10:1,94:1,29:700,385:1,121:130,385:1,574:420,313:1,29:700,574:420,121:130,332:1,385:1,313:1,283:1,283:1,575:240,574:420,95:590,283:1,332:1,29:700,29:700,121:130,121:130,619:1,620:1,620:1,95:590,619:1,574:420,34:100,576:150,576:150,241:1,95:590,574:420,268:1,36:250,574:420,574:420,574:420,241:1,354:1,30:100,296:1,95:590,576:150,354:1,576:150,268:1,268:1,268:1,574:420,621:50,276:26,730:1,1803:25,277:31,265:1,277:31,750:1,750:1,277:31,276:26,277:31,1:1,265:1,265:1,729:1,1:1,277:31,277:31,277:31,750:1,731:1,1:1,730:1,730:1,730:1,731:1,276:26,730:1,729:1,1:1,750:1,729:1,276:26,729:1,729:1,731:1,379:1,277:31,729:1,276:26,265:1,379:1,731:1,730:1,731:1,731:1,1:1,1803:25,265:1,277:31,1:1,731:1,731:1,277:31,276:26,1803:25,265:1,1:1,731:1,276:26,1803:25,750:1,731:1,265:1,1803:25,265:1,379:1,750:1,1:1,731:1,750:1,730:1,731:1,750:1,276:26,265:1,1:1,1:1,750:1,730:1,277:31,277:31,1803:25,265:1,40:11,40:11,361:110,40:11,273:7,49:11,144:8,260:3,49:11,49:11,40:11,260:3,273:7,40:11,388:1,361:110,361:110,144:8,362:70,273:7,273:7,40:11,273:7,362:70,361:110,362:70,49:11,361:110,362:70,49:11,361:110,144:8,41:2401
24/9/2024 21:00:39> Updating trader: trader@_Beth
118:1,48:12,361:130,362:20,388:1,1803:5,543:5
0,0,0,0,0,0,36000,0,0,0,0,0,18000,0,0,17150,0,0,1010,0,0,0,0,0,0,0,0
118:1,38:1440,38:1440,118:1,118:1,118:1,38:1440,38:1440,38:1440,118:1,38:1440,38:1440,118:1,38:1440,38:1440,38:1440,38:1440,38:1440,38:1440,38:1440,38:1440,38:1440,38:1440,38:1440,38:1440,38:1440,38:1440,38:1440,38:1440,38:1440,110:16,53:19,48:18,53:19,259:11,53:19,53:19,110:16,48:18,109:14,259:11,87:13,87:13,87:13,110:16,53:19,53:19,87:13,87:13,109:14,53:19,48:18,87:13,109:14,53:19,53:19,109:14,109:14,110:16,259:11,110:16,48:18,48:18,110:16,87:13,109:14,259:11,53:19,48:18,259:11,87:13,110:16,109:14,53:19,109:14,53:19,260:2,40:8,260:2,40:8,388:1,49:11,40:8,361:150,388:1,273:9,273:9,273:9,273:9,40:8,40:8,144:8,361:150,40:8,49:11,543:7,4:30,276:5,543:7,1803:6,542:15,127:8,84:11,127:8,127:8,127:8,609:9,127:8,542:15,542:15,542:15,542:15,41:1111
24/9/2024 21:02:39> Updating trader: trader@_RenoBartender
53:5,362:20,361:30,388:1,125:1,9:1
0,0,0,0,0,0,0,0,0,0,0,0,7500,0,0,7070,0,0,0,0,0,0,0,0,0,0,0
109:7,109:7,53:10,53:10,48:6,110:5,53:10,48:6,53:10,109:7,259:7,87:4,53:10,259:7,110:5,48:6,110:5,259:7,87:4,40:10,40:10,40:10,260:1,40:10,144:5,144:5,273:3,361:40,144:5,40:10,273:3,362:30,40:10,49:9,49:9,41:2561
24/9/2024 21:02:39> Updating trader: trader@_LiquidJoe
276:11,277:10,1803:6,48:7,109:5
0,0,0,0,0,0,30000,0,0,26745,0,0,15000,0,0,0,0,0,0,0,0,0,0,0,0,0,0
38:720,118:1,118:1,38:720,118:1,38:720,118:1,118:1,118:1,38:720,1803:15,729:1,1803:15,276:16,750:1,729:1,379:1,277:18,276:16,750:1,379:1,276:16,277:18,379:1,729:1,265:1,379:1,731:1,379:1,731:1,731:1,729:1,1:1,729:1,1803:15,1803:15,729:1,731:1,1803:15,750:1,750:1,276:16,265:1,731:1,730:1,750:1,379:1,731:1,277:18,1:1,729:1,1:1,1803:15,750:1,730:1,750:1,730:1,731:1,277:18,379:1,729:1,379:1,277:18,750:1,731:1,750:1,730:1,1803:15,277:18,265:1,750:1,730:1,731:1,729:1,731:1,730:1,379:1,277:18,750:1,731:1,731:1,730:1,1:1,731:1,1803:15,750:1,731:1,277:18,1803:15,730:1,750:1,276:16,109:18,87:16,87:16,87:16,110:9,48:17,259:16,109:18,48:17,259:16,87:16,48:17,259:16,259:16,259:16,48:17,87:16,87:16,259:16,87:16,48:17,109:18,48:17,109:18,110:9,87:16,87:16,48:17,87:16,259:16,109:18,109:18,110:9,109:18,53:8,109:18,109:18,48:17,53:8,109:18,48:17,48:17,109:18,109:18,109:18,41:2986
24/9/2024 21:03:39> Updating trader: trader@_GeckoPercy
48:2,109:3
0,0,0,0,0,0,0,0,0,0,0,0,7500,0,0,0,0,0,0,15075,0,0,0,0,0,0,0
259:5,87:14,53:4,109:6,259:5,87:14,87:14,87:14,48:5,87:14,53:4,110:6,259:5,110:6,110:6,109:6,48:5,48:5,87:14,109:6,277:14,277:14,115:1,115:1,1803:8,277:14,115:1,276:13,1803:8,277:14,1803:8,277:14,277:14,276:13,115:1,276:13,277:14,1803:8,41:3246
24/9/2024 21:03:39> Updating trader: trader@_NCRBuster
33:200,708:40
29427,23499,0,13630,55390,0,37500,0,0,0,0,0,0,0,0,0,0,0,0,0,0,0,0,0,0,0,0
357:240,18:1,121:130,29:850,357:240,95:420,313:1,332:1,10:1,94:1,313:1,332:1,313:1,332:1,575:240,575:240,31:200,574:260,385:1,313:1,574:260,574:260,332:1,313:1,94:1,29:850,94:1,95:420,94:1,313:1,29:850,283:1,574:260,18:1,283:1,385:1,575:240,18:1,18:1,357:240,357:240,10:1,385:1,10:1,575:240,332:1,574:260,283:1,121:130,385:1,385:1,332:1,95:420,575:240,18:1,94:1,332:1,574:260,95:420,357:240,31:200,31:200,385:1,575:240,29:850,95:420,18:1,575:240,121:130,575:240,9:1,35:2000,242:1,242:1,34:1400,23:1,33:400,95:420,23:1,576:80,33:400,34:1400,621:50,576:80,95:420,11:1,32:80,13:1,11:1,13:1,32:80,14:8,14:8,32:80,363:1000,11:1,14:8,32:80,363:1000,32:80,13:1,14:8,35:2000,12:1,37:56,12:1,34:1400,35:2000,37:56,355:1,35:2000,36:1750,708:140,389:1,34:1400,35:2000,708:140,708:140,708:140,708:140,708:140,708:140,708:140,708:140,708:140,38:1260,38:1260,38:1260,118:1,38:1260,38:1260,118:1,38:1260,118:1,38:1260,118:1,38:1260,38:1260,118:1,38:1260,38:1260,38:1260,118:1,118:1,38:1260,41:1468
24/9/2024 21:03:39> Updating trader: trader@_ReddingAscorti
574:160,35:250,385:1
22095,30189,0,0,0,0,31500,0,0,0,0,0,0,0,0,0,0,0,0,31657,0,0,0,0,0,0,0
18:1,332:1,357:400,574:260,385:1,332:1,575:350,121:220,283:1,18:1,575:350,94:1,29:750,575:350,574:260,18:1,29:750,29:750,18:1,313:1,575:350,94:1,94:1,283:1,94:1,574:260,357:400,283:1,94:1,29:750,18:1,121:220,574:260,31:80,385:1,283:1,575:350,574:260,313:1,357:400,95:420,31:80,574:260,10:1,283:1,575:350,31:80,283:1,283:1,10:1,121:220,620:1,620:1,35:750,35:750,620:1,619:1,22:1,576:130,23:1,33:600,575:350,621:70,576:130,34:600,33:600,95:420,574:260,576:130,575:350,575:350,574:260,38:810,38:810,118:1,38:810,118:1,38:810,118:1,38:810,38:810,118:1,118:1,118:1,38:810,38:810,38:810,25:165,115:1,277:39,1803:40,276:33,276:33,277:39,277:39,276:33,1803:40,1803:40,1803:40,276:33,115:1,276:33,277:39,115:1,115:1,25:165,1803:40,277:39,1803:40,25:165,277:39,1803:40,25:165,25:165,25:165,276:33,1803:40,276:33,277:39,276:33,276:33,1803:40,115:1,115:1,276:33,276:33,115:1,277:39,276:33,276:33,277:39,276:33,277:39,1803:40,276:33,25:165,276:33,1803:40,1803:40,25:165,41:4749
24/9/2024 21:03:39> Updating trader: trader@_RenoBartender
361:10,362:10
0,0,0,0,0,0,0,0,0,0,0,0,7500,0,0,6820,0,0,0,0,0,0,0,0,0,0,0
109:12,53:8,259:7,259:7,48:12,110:9,48:12,87:11,109:12,87:11,109:12,48:12,48:12,109:12,48:12,110:9,53:8,53:8,48:12,109:12,109:12,361:110,49:12,361:110,362:40,40:15,361:110,40:15,273:10,144:12,144:12,362:40,144:12,361:110,361:110,361:110,144:12,361:110,49:12,49:12,144:12,388:1,361:110,49:12,361:110,362:40,49:12,361:110,273:10,40:15,40:15,273:10,144:12,49:12,49:12,49:12,273:10,41:4036
24/9/2024 21:05:39> Updating trader: trader@_ReddingDocJohnson
362:40,361:40,388:1
0,0,0,0,0,0,0,0,0,0,0,0,10395,17755,0,9715,20565,0,0,0,0,0,0,0,0,0,0
259:9,109:7,110:10,109:7,259:9,109:7,87:9,259:9,109:7,110:10,87:9,259:9,48:8,53:9,110:10,53:9,87:9,259:9,109:7,53:9,87:9,53:9,53:9,48:8,87:9,259:9,48:8,53:9,362:70,273:10,273:10,273:10,49:11,260:2,40:8,361:50,40:8,49:11,362:70,49:11,388:1,144:3,273:10,40:8,49:11,362:70,49:11,49:11,49:11,40:8,41:1566
24/9/2024 21:05:39> Updating trader: trader@_DenRebecca
109:3,48:3
9482,0,0,0,0,0,0,0,0,0,0,0,7500,0,0,0,0,0,0,0,0,0,0,0,0,0,0
575:100,18:1,94:1,313:1,313:1,29:300,385:1,94:1,95:180,18:1,575:100,332:1,29:300,95:180,313:1,332:1,575:100,29:300,283:1,385:1,574:50,87:8,53:12,110:8,109:11,110:8,53:12,53:12,109:11,109:11,48:5,109:11,109:11,109:11,48:5,109:11,87:8,259:8,109:11,87:8,110:8,41:4287
24/9/2024 21:06:39> Updating trader: trader@_SFDrFung
388:1,362:40,361:20
0,0,0,0,0,0,0,0,0,0,0,0,14850,23050,0,14410,29745,0,0,0,0,0,0,0,0,0,0
87:17,110:15,53:11,110:15,87:17,110:15,87:17,109:12,110:15,110:15,87:17,48:11,110:15,48:11,110:15,87:17,87:17,87:17,87:17,110:15,87:17,53:11,110:15,259:9,109:12,53:11,110:15,109:12,259:9,48:11,53:11,109:12,259:9,109:12,48:11,361:80,49:13,361:80,362:90,388:1,40:5,49:13,49:13,144:6,388:1,144:6,388:1,362:90,40:5,273:9,273:9,388:1,49:13,144:6,49:13,362:90,362:90,49:13,361:80,49:13,273:9,361:80,273:9,361:80,362:90,144:6,273:9,361:80,273:9,49:13,49:13,41:1323
24/9/2024 21:07:39> Updating trader: trader@_RenoJules
362:10,361:10,388:1
0,0,0,0,0,0,0,0,0,0,0,0,9750,0,0,9052,18652,0,0,0,0,0,0,0,0,0,0
259:10,48:13,87:14,48:13,53:11,53:11,109:22,87:14,110:10,109:22,53:11,110:10,109:22,48:13,48:13,109:22,87:14,259:10,109:22,259:10,259:10,48:13,109:22,109:22,48:13,87:14,87:14,87:14,260:3,388:1,273:8,144:9,49:7,362:20,144:9,144:9,49:7,273:8,273:8,49:7,41:5049
24/9/2024 21:08:39> Updating trader: trader@_Stapleton

0,0,0,0,0,0,0,0,0,0,0,0,0,0,0,0,0,0,0,0,0,0,0,0,0,0,0
41:1297
24/9/2024 21:08:39> Updating trader: trader@_GasStationGordon
361:40,362:20,388:1
0,0,0,0,0,0,0,0,0,0,0,0,12000,0,0,11480,0,0,320,0,0,0,0,0,0,0,0
259:4,48:12,109:15,259:4,53:10,53:10,48:12,109:15,53:10,109:15,48:12,109:15,87:12,109:15,53:10,109:15,48:12,110:10,87:12,110:10,87:12,87:12,48:12,48:12,110:10,87:12,53:10,110:10,53:10,259:4,48:12,48:12,40:8,40:8,40:8,144:8,260:2,49:9,388:1,144:8,40:8,362:40,144:8,49:9,144:8,362:40,49:9,40:8,49:9,49:9,273:7,273:7,40:8,144:8,273:7,361:60,144:8,40:8,144:8,361:60,6:4,609:6,609:6,1803:3,7:3,127:13,127:13,609:6,542:15,542:15,542:15,542:15,542:15,41:2933
24/9/2024 21:09:39> Updating trader: trader@_KlamathBuckner

7342,0,0,0,0,0,0,0,0,0,0,0,0,0,0,0,0,0,0,12060,0,0,0,0,0,0,0
29:200,94:1,575:30,283:1,357:40,18:1,29:200,385:1,357:40,574:60,574:60,29:200,575:30,332:1,574:60,313:1,121:20,313:1,94:1,385:1,31:80,25:35,276:14,277:10,277:10,115:1,25:35,277:10,25:35,277:10,25:35,1803:18,1803:18,277:10,277:10,115:1,276:14,1803:18,1803:18,276:14,1803:18,276:14,276:14,276:14,276:14,1803:18,276:14,277:10,276:14,276:14,1803:18,41:3064
